<?xml version="1.0" encoding="UTF-8"?>
<testsuite xmlns:xsi="http://www.w3.org/2001/XMLSchema-instance" xsi:noNamespaceSchemaLocation="https://maven.apache.org/surefire/maven-surefire-plugin/xsd/surefire-test-report-3.0.xsd" version="3.0" name="AgriPosIntegrationTest" time="0.752" tests="4" errors="0" skipped="0" failures="0">
  <properties>
[...]
</properties>
  <testcase name="test1_DatabaseConnection" classname="AgriPosIntegrationTest" time="0.193">
    <system-out><![CDATA[=== 1. SETUP ===
--> [INFO] Koneksi Database Terhubung.
--> [INFO] Koneksi Database Terhubung.
--> Produk Dummy Berhasil Dibuat.
Test 1: Cek Koneksi
--> [INFO] Koneksi Database Terhubung.
--> Koneksi Aman.
]]></system-out>
  </testcase>
  <testcase name="test2_TransactionProcess" classname="AgriPosIntegrationTest" time="0.023">
    <system-out><![CDATA[Test 2: Simulasi Transaksi
--> Stok Awal: 100, Stok Akhir: 90
]]></system-out>
  </testcase>
  <testcase name="test3_ReturnProcess" classname="AgriPosIntegrationTest" time="0.168">
    <system-out><![CDATA[Test 3: Simulasi Retur
--> [INFO] Koneksi Database Terhubung.
--> Stok Sebelum Retur: 90, Stok Akhir: 95
]]></system-out>
  </testcase>
  <testcase name="test4_ValidateHistory" classname="AgriPosIntegrationTest" time="0.005">
    <system-out><![CDATA[Test 4: Cek History
--> History ditemukan.
]]></system-out>
  </testcase>
</testsuite>